This is pdfTeXk, Version 3.141592-1.40.3 (Web2C 7.5.6) (format=pdflatex 2009.2.17)  10 SEP 2012 11:57
entering extended mode
 %&-line parsing enabled.
**Oblig2.tex
(./Oblig2.tex
LaTeX2e <2005/12/01>
Babel <v3.8h> and hyphenation patterns for english, usenglishmax, dumylang, noh
yphenation, arabic, basque, bulgarian, coptic, welsh, czech, slovak, german, ng
erman, danish, esperanto, spanish, catalan, galician, estonian, farsi, finnish,
 french, greek, monogreek, ancientgreek, croatian, hungarian, interlingua, ibyc
us, indonesian, icelandic, italian, latin, mongolian, dutch, norsk, polish, por
tuguese, pinyin, romanian, russian, slovenian, uppersorbian, serbian, swedish, 
turkish, ukenglish, ukrainian, loaded.
(/local/opt/texlive/2007/texmf-dist/tex/latex/base/article.cls
Document Class: article 2005/09/16 v1.4f Standard LaTeX document class
(/local/opt/texlive/2007/texmf-dist/tex/latex/base/size12.clo
File: size12.clo 2005/09/16 v1.4f Standard LaTeX file (size option)
)
\c@part=\count79
\c@section=\count80
\c@subsection=\count81
\c@subsubsection=\count82
\c@paragraph=\count83
\c@subparagraph=\count84
\c@figure=\count85
\c@table=\count86
\abovecaptionskip=\skip41
\belowcaptionskip=\skip42
\bibindent=\dimen102
)
(/local/opt/texlive/2007/texmf-dist/tex/latex/base/inputenc.sty
Package: inputenc 2006/05/05 v1.1b Input encoding file
\inpenc@prehook=\toks14
\inpenc@posthook=\toks15

(/local/opt/texlive/2007/texmf-dist/tex/latex/base/latin1.def
File: latin1.def 2006/05/05 v1.1b Input encoding file
))
(/local/opt/texlive/2007/texmf-dist/tex/generic/babel/babel.sty
Package: babel 2005/11/23 v3.8h The Babel package

(/local/opt/texlive/2007/texmf-dist/tex/generic/babel/norsk.ldf
Language: norsk 2005/03/30 v2.0h Norsk support from the babel system

(/local/opt/texlive/2007/texmf-dist/tex/generic/babel/babel.def
File: babel.def 2005/11/23 v3.8h Babel common definitions
\babel@savecnt=\count87
\U@D=\dimen103
)
Package babel Info: Making " an active character on input line 113.
))
(/local/opt/texlive/2007/texmf-dist/tex/latex/isodate/isodate.sty
Package: isodate 2005/03/11 v2.27 Print dates with different formats (HH)

(/local/opt/texlive/2007/texmf-dist/tex/latex/base/ifthen.sty
Package: ifthen 2001/05/26 v1.1c Standard LaTeX ifthen package (DPC)
)
(/local/opt/texlive/2007/texmf-dist/tex/latex/substr/substr.sty
Package: substr 2005/11/29 v1.1 Handle substrings
\c@su@anzahl=\count88
)
(/local/opt/texlive/2007/texmf-dist/tex/latex/isodate/norsk.idf
File: norsk.idf 2005/03/11 v2.27 Language definitions for isodate package (HH)

Define commands for Norwegian date format
)
\c@iso@tmpmonth=\count89
\c@iso@yeartwo=\count90
\c@iso@slash=\count91
\c@iso@minus=\count92
\c@iso@dot=\count93
\c@iso@@slash=\count94
\c@iso@@minus=\count95
\c@iso@@dot=\count96
) (/local/opt/texlive/2007/texmf-dist/tex/latex/base/fontenc.sty
Package: fontenc 2005/09/27 v1.99g Standard LaTeX package

(/local/opt/texlive/2007/texmf-dist/tex/latex/base/t1enc.def
File: t1enc.def 2005/09/27 v1.99g Standard LaTeX file
LaTeX Font Info:    Redeclaring font encoding T1 on input line 43.
))
(/local/opt/texlive/2007/texmf-dist/tex/latex/ltxmisc/parskip.sty
Package: parskip 2001/04/09 non-zero parskip adjustments
)
(/local/opt/texlive/2007/texmf-dist/tex/latex/ltxmisc/url.sty
\Urlmuskip=\muskip10
Package: url 2005/06/27  ver 3.2  Verb mode for urls, etc.
)
(/local/opt/texlive/2007/texmf-dist/tex/latex/eulervm/eulervm.sty
Package: eulervm 2005/01/11 v4.0 (WaS)
)
(/local/opt/texlive/2007/texmf-dist/tex/latex/graphics/color.sty
Package: color 2005/11/14 v1.0j Standard LaTeX Color (DPC)

(/local/opt/texlive/2007/texmf/tex/latex/config/color.cfg
File: color.cfg 2007/01/18 v1.5 color configuration of teTeX/TeXLive
)
Package color Info: Driver file: pdftex.def on input line 130.

(/local/opt/texlive/2007/texmf-dist/tex/latex/pdftex-def/pdftex.def
File: pdftex.def 2007/01/08 v0.04d Graphics/color for pdfTeX
\Gread@gobject=\count97
))
(/local/opt/texlive/2007/texmf-dist/tex/latex/ltxmisc/a4wide.sty
Package: a4wide 1994/08/30

(/local/opt/texlive/2007/texmf-dist/tex/latex/ntgclass/a4.sty
Package: a4 2004/04/15 v1.2g A4 based page layout
))
(/local/opt/texlive/2007/texmf-dist/tex/latex/geometry/geometry.sty
Package: geometry 2002/07/08 v3.2 Page Geometry

(/local/opt/texlive/2007/texmf-dist/tex/latex/graphics/keyval.sty
Package: keyval 1999/03/16 v1.13 key=value parser (DPC)
\KV@toks@=\toks16
)
\Gm@cnth=\count98
\Gm@cntv=\count99
\c@Gm@tempcnt=\count100
\Gm@bindingoffset=\dimen104
\Gm@wd@mp=\dimen105
\Gm@odd@mp=\dimen106
\Gm@even@mp=\dimen107
\Gm@dimlist=\toks17

(/local/opt/texlive/2007/texmf-dist/tex/xelatex/xetexconfig/geometry.cfg))
(./Oblig2.aux)
\openout1 = `Oblig2.aux'.

LaTeX Font Info:    Checking defaults for OML/cmm/m/it on input line 88.
LaTeX Font Info:    ... okay on input line 88.
LaTeX Font Info:    Checking defaults for T1/cmr/m/n on input line 88.
LaTeX Font Info:    ... okay on input line 88.
LaTeX Font Info:    Checking defaults for OT1/cmr/m/n on input line 88.
LaTeX Font Info:    ... okay on input line 88.
LaTeX Font Info:    Checking defaults for OMS/cmsy/m/n on input line 88.
LaTeX Font Info:    ... okay on input line 88.
LaTeX Font Info:    Checking defaults for OMX/cmex/m/n on input line 88.
LaTeX Font Info:    ... okay on input line 88.
LaTeX Font Info:    Checking defaults for U/cmr/m/n on input line 88.
LaTeX Font Info:    ... okay on input line 88.

isodate: babel.sty has been loaded
\big@size=\dimen108
(/local/opt/texlive/2007/texmf-dist/tex/context/base/supp-pdf.tex
[Loading MPS to PDF converter (version 2006.09.02).]
\scratchcounter=\count101
\scratchdimen=\dimen109
\scratchbox=\box26
\nofMPsegments=\count102
\nofMParguments=\count103
\MPscratchCnt=\count104
\MPscratchDim=\dimen110
\MPnumerator=\count105
\everyMPtoPDFconversion=\toks18
)
-------------------- Geometry parameters
paper: a4paper
landscape: --
twocolumn: --
twoside: --
asymmetric: --
h-parts: 89.62709pt, 0.7\paperwidth , 89.6271pt (default)
v-parts: 56.9055pt, 702.7831pt, 85.35825pt
hmarginratio: 1:1
vmarginratio: 2:3
lines: --
heightrounded: --
bindingoffset: 0.0pt
truedimen: --
includehead: --
includefoot: --
includemp: --
driver: pdftex
-------------------- Page layout dimensions and switches
\paperwidth  597.50787pt
\paperheight 845.04684pt
\textwidth  418.25368pt
\textheight 702.7831pt
\oddsidemargin  17.3571pt
\evensidemargin 17.3571pt
\topmargin  -52.36449pt
\headheight 12.0pt
\headsep    25.0pt
\footskip   30.0pt
\marginparwidth 54.2025pt
\marginparsep   10.0pt
\columnsep  10.0pt
\skip\footins  10.8pt plus 4.0pt minus 2.0pt
\hoffset 0.0pt
\voffset 0.0pt
\mag 1000

(1in=72.27pt, 1cm=28.45pt)
-----------------------
LaTeX Font Info:    Try loading font information for U+zeur on input line 91.
 (/local/opt/texlive/2007/texmf-dist/tex/latex/eulervm/uzeur.fd
File: uzeur.fd 2005/01/11 v4.0 (WaS)
)
LaTeX Font Info:    Font shape `U/zeur/m/n' will be
(Font)              scaled to size 13.67995pt on input line 91.
LaTeX Font Info:    Font shape `U/zeur/m/n' will be
(Font)              scaled to size 9.49997pt on input line 91.
LaTeX Font Info:    Font shape `U/zeur/m/n' will be
(Font)              scaled to size 6.64998pt on input line 91.
LaTeX Font Info:    Try loading font information for U+zeus on input line 91.

(/local/opt/texlive/2007/texmf-dist/tex/latex/eulervm/uzeus.fd
File: uzeus.fd 2005/01/11 v4.0 (WaS)
)
LaTeX Font Info:    Font shape `U/zeus/m/n' will be
(Font)              scaled to size 13.67995pt on input line 91.
LaTeX Font Info:    Font shape `U/zeus/m/n' will be
(Font)              scaled to size 9.49997pt on input line 91.
LaTeX Font Info:    Font shape `U/zeus/m/n' will be
(Font)              scaled to size 6.64998pt on input line 91.
LaTeX Font Info:    Try loading font information for U+zeuex on input line 91.

(/local/opt/texlive/2007/texmf-dist/tex/latex/eulervm/uzeuex.fd
File: uzeuex.fd 2005/01/11 v4.0 (WaS)
)
LaTeX Font Info:    Font shape `U/zeuex/m/n' will be
(Font)              scaled to size 13.67995pt on input line 91.
LaTeX Font Info:    Font shape `U/zeuex/m/n' will be
(Font)              scaled to size 9.49997pt on input line 91.
LaTeX Font Info:    Font shape `U/zeuex/m/n' will be
(Font)              scaled to size 6.64998pt on input line 91.

! Missing number, treated as zero.
<to be read again> 
                   H
l.99 H
      : jeg spiser honning \newline
? 

Underfull \hbox (badness 10000) in paragraph at lines 99--102

 []

! Missing $ inserted.
<inserted text> 
                $
l.105 (H \land
              \ M) \rightarrow\ \neg B
? 
LaTeX Font Info:    Font shape `U/zeur/m/n' will be
(Font)              scaled to size 11.39996pt on input line 105.
LaTeX Font Info:    Font shape `U/zeur/m/n' will be
(Font)              scaled to size 7.59998pt on input line 105.
LaTeX Font Info:    Font shape `U/zeur/m/n' will be
(Font)              scaled to size 5.69998pt on input line 105.
LaTeX Font Info:    Font shape `U/zeus/m/n' will be
(Font)              scaled to size 11.39996pt on input line 105.
LaTeX Font Info:    Font shape `U/zeus/m/n' will be
(Font)              scaled to size 7.59998pt on input line 105.
LaTeX Font Info:    Font shape `U/zeus/m/n' will be
(Font)              scaled to size 5.69998pt on input line 105.
LaTeX Font Info:    Font shape `U/zeuex/m/n' will be
(Font)              scaled to size 11.39996pt on input line 105.
LaTeX Font Info:    Font shape `U/zeuex/m/n' will be
(Font)              scaled to size 7.59998pt on input line 105.
LaTeX Font Info:    Font shape `U/zeuex/m/n' will be
(Font)              scaled to size 5.69998pt on input line 105.
! Missing $ inserted.
<inserted text> 
                $
l.106 
      
? 
! Missing $ inserted.
<inserted text> 
                $
l.112 \neg
          (B \lor\ H) \land\ M
? 
! Missing $ inserted.
<inserted text> 
                $
l.113 
      
? 
LaTeX Font Info:    Try loading font information for T1+cmtt on input line 120.

(/local/opt/texlive/2007/texmf-dist/tex/latex/base/t1cmtt.fd
File: t1cmtt.fd 1999/05/25 v2.5h Standard LaTeX font definitions
) [1

{/local/opt/texlive/2007/texmf-var/fonts/map/pdftex/updmap/pdftex.map}] [2] (./
Oblig2.aux) ) 
Here is how much of TeX's memory you used:
 2132 strings out of 94073
 28155 string characters out of 1163005
 81978 words of memory out of 1500000
 5387 multiletter control sequences out of 10000+50000
 20404 words of font info for 53 fonts, out of 1200000 for 2000
 645 hyphenation exceptions out of 8191
 25i,8n,24p,193b,195s stack positions out of 5000i,500n,6000p,200000b,5000s
{/local/opt/texlive/2007/texmf-dist/fonts/enc/dvips/cm-super/cm-su
per-t1.enc}</local/opt/texlive/2007/texmf-dist/fonts/type1/bluesky/cm/cmsy10.pf
b></local/opt/texlive/2007/texmf-dist/fonts/type1/bluesky/ams/eufm10.pfb></loca
l/opt/texlive/2007/texmf-dist/fonts/type1/bluesky/ams/eurm10.pfb></local/opt/te
xlive/2007/texmf-dist/fonts/type1/bluesky/ams/eusm10.pfb></local/opt/texlive/20
07/texmf-dist/fonts/type1/public/cm-super/sfbx1200.pfb></local/opt/texlive/2007
/texmf-dist/fonts/type1/public/cm-super/sfbx1440.pfb></local/opt/texlive/2007/t
exmf-dist/fonts/type1/public/cm-super/sfbx1728.pfb></local/opt/texlive/2007/tex
mf-dist/fonts/type1/public/cm-super/sfrm1200.pfb></local/opt/texlive/2007/texmf
-dist/fonts/type1/public/cm-super/sfrm1440.pfb></local/opt/texlive/2007/texmf-d
ist/fonts/type1/public/cm-super/sfrm2074.pfb></local/opt/texlive/2007/texmf-dis
t/fonts/type1/public/cm-super/sftt1200.pfb>
Output written on Oblig2.pdf (2 pages, 103659 bytes).
PDF statistics:
 54 PDF objects out of 1000 (max. 8388607)
 0 named destinations out of 1000 (max. 131072)
 1 words of extra memory for PDF output out of 10000 (max. 10000000)

